
> web@0.1.0 build
> next build

  ▲ Next.js 14.2.5
  - Environments: .env

   Creating an optimized production build ...
 ✓ Compiled successfully
   Linting and checking validity of types ...

Failed to compile.

./src/app/eventSearch/page.tsx
74:30  Warning: React Hook useCallback received a function whose dependencies are unknown. Pass an inline function instead.  react-hooks/exhaustive-deps

./src/app/eventSearch/[id]/page.tsx
97:6  Warning: React Hook useEffect has a missing dependency: 'id'. Either include it or remove the dependency array.  react-hooks/exhaustive-deps

./src/app/layout/hero.tsx
11:30  Warning: React Hook useCallback received a function whose dependencies are unknown. Pass an inline function instead.  react-hooks/exhaustive-deps

./src/app/layout/page.tsx
28:30  Error: React Hook "useState" is called in function "unit: React.FC<Params>" that is neither a React function component nor a custom React Hook function. React component names must start with an uppercase letter. React Hook names must start with the word "use".  react-hooks/rules-of-hooks
29:27  Error: React Hook "useState" is called in function "unit: React.FC<Params>" that is neither a React function component nor a custom React Hook function. React component names must start with an uppercase letter. React Hook names must start with the word "use".  react-hooks/rules-of-hooks
30:29  Error: React Hook "useState" is called in function "unit: React.FC<Params>" that is neither a React function component nor a custom React Hook function. React component names must start with an uppercase letter. React Hook names must start with the word "use".  react-hooks/rules-of-hooks
31:31  Error: React Hook "useState" is called in function "unit: React.FC<Params>" that is neither a React function component nor a custom React Hook function. React component names must start with an uppercase letter. React Hook names must start with the word "use".  react-hooks/rules-of-hooks
32:27  Error: React Hook "useState" is called in function "unit: React.FC<Params>" that is neither a React function component nor a custom React Hook function. React component names must start with an uppercase letter. React Hook names must start with the word "use".  react-hooks/rules-of-hooks
35:3  Error: React Hook "useEffect" is called in function "unit: React.FC<Params>" that is neither a React function component nor a custom React Hook function. React component names must start with an uppercase letter. React Hook names must start with the word "use".  react-hooks/rules-of-hooks
88:11  Error: Missing "key" prop for element in iterator  react/jsx-key

./src/app/page.tsx
60:6  Warning: React Hook useEffect has a missing dependency: 'mutation'. Either include it or remove the dependency array.  react-hooks/exhaustive-deps

./src/app/user/profile/page.tsx
57:6  Warning: React Hook React.useEffect has missing dependencies: 'email', 'mutation', and 'user?.email'. Either include them or remove the dependency array.  react-hooks/exhaustive-deps

./src/hoc/roleGuard.tsx
28:8  Warning: React Hook useEffect has an unnecessary dependency: 'requiredRole'. Either exclude it or remove the dependency array. Outer scope values like 'requiredRole' aren't valid dependencies because mutating them doesn't re-render the component.  react-hooks/exhaustive-deps

./src/login/page.tsx
52:6  Warning: React Hook React.useEffect has a missing dependency: 'router'. Either include it or remove the dependency array.  react-hooks/exhaustive-deps

info  - Need to disable some ESLint rules? Learn more here: https://nextjs.org/docs/basic-features/eslint#disabling-rules
npm error Lifecycle script `build` failed with error:
npm error code 1
npm error path C:\Users\Chicky Chill\Downloads\Final project ~ - Copy\ticketing-app-jc31201\apps\web
npm error workspace web@0.1.0
npm error location C:\Users\Chicky Chill\Downloads\Final project ~ - Copy\ticketing-app-jc31201\apps\web
npm error command failed
npm error command C:\WINDOWS\system32\cmd.exe /d /s /c next build
